[31Aug2023 00:00:42.691] [Render thread/INFO] [net.minecraft.advancements.AdvancementList/]: Loaded 209 advancements
[31Aug2023 00:02:25.940] [Render thread/INFO] [net.minecraft.advancements.AdvancementList/]: Loaded 223 advancements
[31Aug2023 00:05:11.661] [Server thread/INFO] [net.minecraft.server.MinecraftServer/]: Dev has made the advancement [Glow and Behold!]
[31Aug2023 00:05:11.677] [Render thread/INFO] [net.minecraft.client.gui.components.ChatComponent/]: [System] [CHAT] Dev has made the advancement [Glow and Behold!]
[31Aug2023 00:05:11.689] [Render thread/INFO] [net.minecraft.advancements.AdvancementList/]: Loaded 223 advancements
[31Aug2023 00:09:30.452] [Render thread/INFO] [net.minecraft.client.gui.components.ChatComponent/]: [System] [CHAT] Expected '{'
[31Aug2023 00:09:30.453] [Render thread/INFO] [net.minecraft.client.gui.components.ChatComponent/]: [System] [CHAT] ...00 -15.47 1<--[HERE]
[31Aug2023 00:10:06.492] [Render thread/INFO] [net.minecraft.advancements.AdvancementList/]: Loaded 224 advancements
[31Aug2023 00:10:35.391] [Server thread/INFO] [net.minecraft.server.MinecraftServer/]: [Dev: Gave 1 [Barrier] to Dev]
[31Aug2023 00:10:35.397] [Render thread/INFO] [net.minecraft.client.gui.components.ChatComponent/]: [System] [CHAT] Gave 1 [Barrier] to Dev
[31Aug2023 00:12:48.950] [Render thread/INFO] [net.minecraft.client.gui.components.ChatComponent/]: [System] [CHAT] Saved screenshot as 2023-08-31_00.12.47.png
[31Aug2023 00:12:51.084] [Render thread/INFO] [net.minecraft.client.gui.components.ChatComponent/]: [System] [CHAT] Saved screenshot as 2023-08-31_00.12.50.png
[31Aug2023 00:12:57.500] [Render thread/INFO] [net.minecraft.client.gui.components.ChatComponent/]: [System] [CHAT] Saved screenshot as 2023-08-31_00.12.56.png
[31Aug2023 00:13:07.384] [Render thread/INFO] [net.minecraft.client.gui.components.ChatComponent/]: [System] [CHAT] Saved screenshot as 2023-08-31_00.13.06.png
[31Aug2023 00:13:13.235] [Render thread/INFO] [net.minecraft.client.gui.components.ChatComponent/]: [System] [CHAT] Saved screenshot as 2023-08-31_00.13.12.png
[31Aug2023 00:14:22.114] [Render thread/INFO] [net.minecraft.client.gui.components.ChatComponent/]: [System] [CHAT] Saved screenshot as 2023-08-31_00.14.21.png
[31Aug2023 00:14:24.430] [Render thread/INFO] [net.minecraft.client.gui.components.ChatComponent/]: [System] [CHAT] Saved screenshot as 2023-08-31_00.14.23.png
[31Aug2023 00:14:25.583] [Server thread/INFO] [net.minecraft.client.server.IntegratedServer/]: Saving and pausing game...
[31Aug2023 00:14:25.601] [Server thread/INFO] [net.minecraft.server.MinecraftServer/]: Saving chunks for level 'ServerLevel[FlatWorld]'/minecraft:overworld
[31Aug2023 00:14:25.609] [Server thread/INFO] [net.minecraft.server.MinecraftServer/]: Saving chunks for level 'ServerLevel[FlatWorld]'/minecraft:the_nether
[31Aug2023 00:14:25.610] [Server thread/INFO] [net.minecraft.server.MinecraftServer/]: Saving chunks for level 'ServerLevel[FlatWorld]'/minecraft:the_end
[31Aug2023 00:14:26.743] [Server thread/INFO] [net.minecraft.server.network.ServerGamePacketListenerImpl/]: Dev lost connection: Disconnected
[31Aug2023 00:14:26.744] [Server thread/INFO] [net.minecraft.server.MinecraftServer/]: Dev left the game
[31Aug2023 00:14:26.761] [Server thread/INFO] [net.minecraft.server.network.ServerGamePacketListenerImpl/]: Stopping singleplayer server as player logged out
[31Aug2023 00:14:26.782] [Server thread/INFO] [net.minecraft.server.MinecraftServer/]: Stopping server
[31Aug2023 00:14:26.786] [Server thread/INFO] [net.minecraft.server.MinecraftServer/]: Saving players
[31Aug2023 00:14:26.786] [Server thread/INFO] [net.minecraft.server.MinecraftServer/]: Saving worlds
[31Aug2023 00:14:27.531] [Server thread/INFO] [net.minecraft.server.MinecraftServer/]: Saving chunks for level 'ServerLevel[FlatWorld]'/minecraft:overworld
[31Aug2023 00:14:28.177] [Server thread/INFO] [net.minecraft.server.MinecraftServer/]: Saving chunks for level 'ServerLevel[FlatWorld]'/minecraft:the_nether
[31Aug2023 00:14:28.178] [Server thread/INFO] [net.minecraft.server.MinecraftServer/]: Saving chunks for level 'ServerLevel[FlatWorld]'/minecraft:the_end
[31Aug2023 00:14:28.205] [Server thread/INFO] [net.minecraft.server.MinecraftServer/]: ThreadedAnvilChunkStorage (FlatWorld): All chunks are saved
[31Aug2023 00:14:28.206] [Server thread/INFO] [net.minecraft.server.MinecraftServer/]: ThreadedAnvilChunkStorage (DIM-1): All chunks are saved
[31Aug2023 00:14:28.206] [Server thread/INFO] [net.minecraft.server.MinecraftServer/]: ThreadedAnvilChunkStorage (DIM1): All chunks are saved
[31Aug2023 00:14:28.206] [Server thread/INFO] [net.minecraft.server.MinecraftServer/]: ThreadedAnvilChunkStorage: All dimensions are saved
[31Aug2023 00:14:29.501] [Render thread/INFO] [net.minecraft.client.Minecraft/]: Stopping!
